# JRE version: OpenJDK Runtime Environment (8.0_112-b06) (build 1.8.0_112-release-b06)
# Java VM: OpenJDK 64-Bit Server VM (25.112-b06 mixed mode windows-amd64 compressed oops)
Heap:
 PSYoungGen      total 376320K, used 167830K [0x00000000e0000000, 0x0000000100000000, 0x0000000100000000)
  eden space 240640K, 55% used [0x00000000e0000000,0x00000000e81fe3a8,0x00000000eeb00000)
  from space 135680K, 25% used [0x00000000eeb00000,0x00000000f0ce7848,0x00000000f6f80000)
  to   space 132608K, 0% used [0x00000000f7e80000,0x00000000f7e80000,0x0000000100000000)
 ParOldGen       total 998400K, used 677591K [0x00000000a0000000, 0x00000000dcf00000, 0x00000000e0000000)
  object space 998400K, 67% used [0x00000000a0000000,0x00000000c95b5d08,0x00000000dcf00000)
 Metaspace       used 55789K, capacity 57704K, committed 57856K, reserved 1099776K
  class space    used 7218K, capacity 7605K, committed 7680K, reserved 1048576K
GC Heap History (10 events):
Event: 48.475 GC heap before
{Heap before GC invocations=29 (full 5):
 PSYoungGen      total 401920K, used 367339K [0x00000000e0000000, 0x0000000100000000, 0x0000000100000000)
  eden space 284672K, 100% used [0x00000000e0000000,0x00000000f1600000,0x00000000f1600000)
  from space 117248K, 70% used [0x00000000f1600000,0x00000000f66bac48,0x00000000f8880000)
  to   space 122368K, 0% used [0x00000000f8880000,0x00000000f8880000,0x0000000100000000)
 ParOldGen       total 690176K, used 483743K [0x00000000a0000000, 0x00000000ca200000, 0x00000000e0000000)
  object space 690176K, 70% used [0x00000000a0000000,0x00000000bd867ef0,0x00000000ca200000)
 Metaspace       used 55766K, capacity 57704K, committed 57856K, reserved 1099776K
  class space    used 7216K, capacity 7605K, committed 7680K, reserved 1048576K
Event: 48.642 GC heap after
Heap after GC invocations=29 (full 5):
 PSYoungGen      total 360960K, used 122363K [0x00000000e0000000, 0x0000000100000000, 0x0000000100000000)
  eden space 238592K, 0% used [0x00000000e0000000,0x00000000e0000000,0x00000000ee900000)
  from space 122368K, 99% used [0x00000000f8880000,0x00000000ffffeeb8,0x0000000100000000)
  to   space 142848K, 0% used [0x00000000ee900000,0x00000000ee900000,0x00000000f7480000)
 ParOldGen       total 690176K, used 487953K [0x00000000a0000000, 0x00000000ca200000, 0x00000000e0000000)
  object space 690176K, 70% used [0x00000000a0000000,0x00000000bdc845e8,0x00000000ca200000)
 Metaspace       used 55766K, capacity 57704K, committed 57856K, reserved 1099776K
  class space    used 7216K, capacity 7605K, committed 7680K, reserved 1048576K
}
Event: 49.007 GC heap before
{Heap before GC invocations=30 (full 5):
 PSYoungGen      total 360960K, used 360955K [0x00000000e0000000, 0x0000000100000000, 0x0000000100000000)
  eden space 238592K, 100% used [0x00000000e0000000,0x00000000ee900000,0x00000000ee900000)
  from space 122368K, 99% used [0x00000000f8880000,0x00000000ffffeeb8,0x0000000100000000)
  to   space 142848K, 0% used [0x00000000ee900000,0x00000000ee900000,0x00000000f7480000)
 ParOldGen       total 690176K, used 487953K [0x00000000a0000000, 0x00000000ca200000, 0x00000000e0000000)
  object space 690176K, 70% used [0x00000000a0000000,0x00000000bdc845e8,0x00000000ca200000)
 Metaspace       used 55766K, capacity 57704K, committed 57856K, reserved 1099776K
  class space    used 7216K, capacity 7605K, committed 7680K, reserved 1048576K
Event: 49.211 GC heap after
Heap after GC invocations=30 (full 5):
 PSYoungGen      total 381440K, used 76962K [0x00000000e0000000, 0x0000000100000000, 0x0000000100000000)
  eden space 238592K, 0% used [0x00000000e0000000,0x00000000e0000000,0x00000000ee900000)
  from space 142848K, 53% used [0x00000000ee900000,0x00000000f34289f0,0x00000000f7480000)
  to   space 140800K, 0% used [0x00000000f7680000,0x00000000f7680000,0x0000000100000000)
 ParOldGen       total 690176K, used 566906K [0x00000000a0000000, 0x00000000ca200000, 0x00000000e0000000)
  object space 690176K, 82% used [0x00000000a0000000,0x00000000c299eb88,0x00000000ca200000)
 Metaspace       used 55766K, capacity 57704K, committed 57856K, reserved 1099776K
  class space    used 7216K, capacity 7605K, committed 7680K, reserved 1048576K
}
Event: 49.911 GC heap before
{Heap before GC invocations=31 (full 5):
 PSYoungGen      total 381440K, used 315554K [0x00000000e0000000, 0x0000000100000000, 0x0000000100000000)
  eden space 238592K, 100% used [0x00000000e0000000,0x00000000ee900000,0x00000000ee900000)
  from space 142848K, 53% used [0x00000000ee900000,0x00000000f34289f0,0x00000000f7480000)
  to   space 140800K, 0% used [0x00000000f7680000,0x00000000f7680000,0x0000000100000000)
 ParOldGen       total 690176K, used 566906K [0x00000000a0000000, 0x00000000ca200000, 0x00000000e0000000)
  object space 690176K, 82% used [0x00000000a0000000,0x00000000c299eb88,0x00000000ca200000)
 Metaspace       used 55766K, capacity 57704K, committed 57856K, reserved 1099776K
  class space    used 7216K, capacity 7605K, committed 7680K, reserved 1048576K
Event: 50.227 GC heap after
Heap after GC invocations=31 (full 5):
 PSYoungGen      total 369152K, used 45391K [0x00000000e0000000, 0x00000000ff400000, 0x0000000100000000)
  eden space 240640K, 0% used [0x00000000e0000000,0x00000000e0000000,0x00000000eeb00000)
  from space 128512K, 35% used [0x00000000f7680000,0x00000000fa2d3d78,0x00000000ff400000)
  to   space 135680K, 0% used [0x00000000eeb00000,0x00000000eeb00000,0x00000000f6f80000)
 ParOldGen       total 690176K, used 643137K [0x00000000a0000000, 0x00000000ca200000, 0x00000000e0000000)
  object space 690176K, 93% used [0x00000000a0000000,0x00000000c7410508,0x00000000ca200000)
 Metaspace       used 55766K, capacity 57704K, committed 57856K, reserved 1099776K
  class space    used 7216K, capacity 7605K, committed 7680K, reserved 1048576K
}
Event: 50.227 GC heap before
{Heap before GC invocations=32 (full 6):
 PSYoungGen      total 369152K, used 45391K [0x00000000e0000000, 0x00000000ff400000, 0x0000000100000000)
  eden space 240640K, 0% used [0x00000000e0000000,0x00000000e0000000,0x00000000eeb00000)
  from space 128512K, 35% used [0x00000000f7680000,0x00000000fa2d3d78,0x00000000ff400000)
  to   space 135680K, 0% used [0x00000000eeb00000,0x00000000eeb00000,0x00000000f6f80000)
 ParOldGen       total 690176K, used 643137K [0x00000000a0000000, 0x00000000ca200000, 0x00000000e0000000)
  object space 690176K, 93% used [0x00000000a0000000,0x00000000c7410508,0x00000000ca200000)
 Metaspace       used 55766K, capacity 57704K, committed 57856K, reserved 1099776K
  class space    used 7216K, capacity 7605K, committed 7680K, reserved 1048576K
Event: 54.542 GC heap after
Heap after GC invocations=32 (full 6):
 PSYoungGen      total 369152K, used 0K [0x00000000e0000000, 0x00000000ff400000, 0x0000000100000000)
  eden space 240640K, 0% used [0x00000000e0000000,0x00000000e0000000,0x00000000eeb00000)
  from space 128512K, 0% used [0x00000000f7680000,0x00000000f7680000,0x00000000ff400000)
  to   space 135680K, 0% used [0x00000000eeb00000,0x00000000eeb00000,0x00000000f6f80000)
 ParOldGen       total 998400K, used 677591K [0x00000000a0000000, 0x00000000dcf00000, 0x00000000e0000000)
  object space 998400K, 67% used [0x00000000a0000000,0x00000000c95b5d08,0x00000000dcf00000)
 Metaspace       used 55766K, capacity 57704K, committed 57856K, reserved 1099776K
  class space    used 7216K, capacity 7605K, committed 7680K, reserved 1048576K
}
Event: 55.453 GC heap before
{Heap before GC invocations=33 (full 6):
 PSYoungGen      total 369152K, used 240640K [0x00000000e0000000, 0x00000000ff400000, 0x0000000100000000)
  eden space 240640K, 100% used [0x00000000e0000000,0x00000000eeb00000,0x00000000eeb00000)
  from space 128512K, 0% used [0x00000000f7680000,0x00000000f7680000,0x00000000ff400000)
  to   space 135680K, 0% used [0x00000000eeb00000,0x00000000eeb00000,0x00000000f6f80000)
 ParOldGen       total 998400K, used 677591K [0x00000000a0000000, 0x00000000dcf00000, 0x00000000e0000000)
  object space 998400K, 67% used [0x00000000a0000000,0x00000000c95b5d08,0x00000000dcf00000)
 Metaspace       used 55789K, capacity 57704K, committed 57856K, reserved 1099776K
  class space    used 7218K, capacity 7605K, committed 7680K, reserved 1048576K
Event: 55.540 GC heap after
Heap after GC invocations=33 (full 6):
 PSYoungGen      total 376320K, used 34718K [0x00000000e0000000, 0x0000000100000000, 0x0000000100000000)
  eden space 240640K, 0% used [0x00000000e0000000,0x00000000e0000000,0x00000000eeb00000)
  from space 135680K, 25% used [0x00000000eeb00000,0x00000000f0ce7848,0x00000000f6f80000)
  to   space 132608K, 0% used [0x00000000f7e80000,0x00000000f7e80000,0x0000000100000000)
 ParOldGen       total 998400K, used 677591K [0x00000000a0000000, 0x00000000dcf00000, 0x00000000e0000000)
  object space 998400K, 67% used [0x00000000a0000000,0x00000000c95b5d08,0x00000000dcf00000)
 Metaspace       used 55789K, capacity 57704K, committed 57856K, reserved 1099776K
  class space    used 7218K, capacity 7605K, committed 7680K, reserved 1048576K
}

